<?xml version="1.0" encoding="UTF-8"?>
<!-- Generated by org.testng.reporters.JUnitXMLReporter -->
<testsuite ignored="4" hostname="IB-Pune-LAP-356" failures="2" tests="15" name="Test" time="875.88" errors="0" timestamp="2023-09-11T09:21:28 IST">
  <testcase classname="Pkg.Test.RegisterUser" name="fiveHundredPoints" time="84.367"/>
  <testcase classname="Pkg.Test.RegisterUser" name="hundredPoints" time="49.51"/>
  <testcase classname="Pkg.Test.RegisterUser" name="loginTestAfterActiveAccount" time="55.921"/>
  <testcase classname="Pkg.Test.RegisterUser" name="myAccountProfile" time="55.204"/>
  <testcase classname="Pkg.Test.RegisterUser" name="sixHundredPoints" time="85.78"/>
  <testcase classname="Pkg.Test.AddProductIntoCart" name="addToCartLogo" time="28.888"/>
  <testcase classname="Pkg.Test.AddProductIntoCart" name="deleteProductFromTheCart" time="36.677"/>
  <testcase classname="Pkg.Test.AddProductIntoCart" name="multipleVeriantsOfTheProduct" time="36.23">
    <failure type="java.lang.AssertionError" message="expected [D&amp;apos;ADDARIO PL009-5 PLAIN STEEL GUITAR SINGLE STRING, .009, 5-PACK] but found [null]">
      <![CDATA[java.lang.AssertionError: expected [D'ADDARIO PL009-5 PLAIN STEEL GUITAR SINGLE STRING, .009, 5-PACK] but found [null]
at Pkg.Test.AddProductIntoCart.multipleVeriantsOfTheProduct(AddProductIntoCart.java:98)
at java.base/java.util.ArrayList.forEach(ArrayList.java:1511)
... Removed 33 stack frames]]>
    </failure>
  </testcase> <!-- multipleVeriantsOfTheProduct -->
  <testcase classname="Pkg.Test.AddProductIntoCart" name="paymentDetailsTC003" time="48.388"/>
  <testcase classname="Pkg.Test.AddProductIntoCart" name="productCartTC001" time="50.224"/>
  <testcase classname="Pkg.Test.AddProductIntoCart" name="productWithPackSize" time="48.503"/>
  <testcase classname="Pkg.Test.AddProductIntoCart" name="updateQuatity" time="35.527"/>
  <testcase classname="Pkg.Test.AddProductIntoCart" name="yourCartProductTC002" time="30.378"/>
  <testcase classname="Pkg.Test.LoginTest" name="homePageTestCaseTC002" time="17.862"/>
  <testcase classname="Pkg.Test.LoginTest" name="loginTestCaseTC001" time="3.125">
    <failure type="java.lang.AssertionError" message="expected [Sign in with your email] but found [Sign in with your email address]">
      <![CDATA[java.lang.AssertionError: expected [Sign in with your email] but found [Sign in with your email address]
at Pkg.Test.LoginTest.loginTestCaseTC001(LoginTest.java:14)
at java.base/java.util.ArrayList.forEach(ArrayList.java:1511)
... Removed 33 stack frames]]>
    </failure>
  </testcase> <!-- loginTestCaseTC001 -->
  <testcase classname="Pkg.BaseClass.BaseClass" name="@AfterTest tearDown" time="0.0">
    <ignored/>
  </testcase> <!-- @AfterTest tearDown -->
  <testcase classname="Pkg.BaseClass.BaseClass" name="@BeforeTest beforeTest" time="0.0">
    <ignored/>
  </testcase> <!-- @BeforeTest beforeTest -->
  <testcase classname="Pkg.BaseClass.BaseClass" name="@BeforeTest beforeTest" time="0.0">
    <ignored/>
  </testcase> <!-- @BeforeTest beforeTest -->
  <testcase classname="Pkg.BaseClass.BaseClass" name="@AfterTest tearDown" time="0.0">
    <ignored/>
  </testcase> <!-- @AfterTest tearDown -->
</testsuite> <!-- Test -->
